<?xml version="1.0" encoding="UTF-8"?>
<testsuite name="Robotframework For Apis" tests="14" errors="0" failures="0" skipped="0" time="5.994" timestamp="2022-12-06T16:32:27.771000">
<testsuite name="Requests And Rest" tests="2" errors="0" failures="0" skipped="0" time="0.531" timestamp="2022-12-06T16:32:27.779000">
<testcase classname="Robotframework For Apis.Requests And Rest" name="requests: Should have a name and belong to a company with a slogan" time="0.127">
</testcase>
<testcase classname="Robotframework For Apis.Requests And Rest" name="RESTinstance: Should have a name and belong to a company with a slogan" time="0.171">
</testcase>
</testsuite>
<testsuite name="Tests" tests="12" errors="0" failures="0" skipped="0" time="5.454" timestamp="2022-12-06T16:32:28.310000">
<testsuite name="Contract Driven" tests="6" errors="0" failures="0" skipped="0" time="2.688" timestamp="2022-12-06T16:32:28.311000">
<testcase classname="Robotframework For Apis.Tests.Contract Driven" name="Valid user" time="0.118">
</testcase>
<testcase classname="Robotframework For Apis.Tests.Contract Driven" name="New user" time="0.692">
</testcase>
<testcase classname="Robotframework For Apis.Tests.Contract Driven" name="Edit user" time="0.599">
</testcase>
<testcase classname="Robotframework For Apis.Tests.Contract Driven" name="Edit email" time="0.553">
</testcase>
<testcase classname="Robotframework For Apis.Tests.Contract Driven" name="Delete" time="0.591">
</testcase>
<testcase classname="Robotframework For Apis.Tests.Contract Driven" name="Valid users" time="0.132">
</testcase>
</testsuite>
<testsuite name="Model Based" tests="6" errors="0" failures="0" skipped="0" time="2.765" timestamp="2022-12-06T16:32:30.999000">
<testcase classname="Robotframework For Apis.Tests.Model Based" name="Valid user" time="0.139">
</testcase>
<testcase classname="Robotframework For Apis.Tests.Model Based" name="New user" time="0.649">
</testcase>
<testcase classname="Robotframework For Apis.Tests.Model Based" name="Edit user" time="0.602">
</testcase>
<testcase classname="Robotframework For Apis.Tests.Model Based" name="Edit email" time="0.624">
</testcase>
<testcase classname="Robotframework For Apis.Tests.Model Based" name="Delete" time="0.619">
</testcase>
<testcase classname="Robotframework For Apis.Tests.Model Based" name="Valid users" time="0.127">
</testcase>
</testsuite>
</testsuite>
</testsuite>
